<?xml version="1.0" encoding="UTF-8"?>
<!-- Generated by org.testng.reporters.JUnitXMLReporter -->
<testsuite hostname="E4ML35540" ignored="0" name="Test" tests="2" failures="1" timestamp="2020-08-24T14:39:52 CDT" time="25.519" errors="0">
  <testcase name="bookFlight" time="25.465" classname="Assignment_7.FindFlights"/>
  <testcase name="bookFlight" time="25.487" classname="Assignment_7.FindFlights">
    <failure type="java.lang.NullPointerException">
      <![CDATA[java.lang.NullPointerException
at Assignment_7.Listeners.onTestSuccess(Listeners.java:20)
at java.util.ArrayList.forEach(Unknown Source)
... Removed 24 stack frames]]>
    </failure>
  </testcase> <!-- bookFlight -->
</testsuite> <!-- Test -->
